
=====================================================================================================
Exporting MASL for ship...
[/C:/Users/ysasi/Documents/BridgePoint//tools/mc/bin\x2m, -i, C:\Users\ysasi\Documents\BridgePoint\workspace\ee-space-wars\workspace\shipctrl, -d, ship]
[/C:/Users/ysasi/Documents/BridgePoint//tools/mc/bin\masl, -i, C:\Users\ysasi\Documents\BridgePoint\workspace\ee-space-wars\workspace\shipctrl, -d, ship, -o, C:\Users\ysasi\Documents\BridgePoint\workspace\ee-space-wars\workspace\shipctrl\masl\]
java.io.IOException: The pipe is being closed
	at java.io.FileOutputStream.writeBytes(Native Method)
	at java.io.FileOutputStream.write(Unknown Source)
	at java.io.BufferedOutputStream.flushBuffer(Unknown Source)
	at java.io.BufferedOutputStream.flush(Unknown Source)
	at sun.nio.cs.StreamEncoder.implFlush(Unknown Source)
	at sun.nio.cs.StreamEncoder.flush(Unknown Source)
	at java.io.OutputStreamWriter.flush(Unknown Source)
	at java.io.BufferedWriter.flush(Unknown Source)
	at org.xtuml.bp.x2m.Xtuml2Masl.connectStreams(Xtuml2Masl.java:273)
	at org.xtuml.bp.x2m.Xtuml2Masl.xtuml2masl(Xtuml2Masl.java:151)
	at org.xtuml.bp.mc.masl.MaslExportBuilder.runExport(MaslExportBuilder.java:267)
	at org.xtuml.bp.mc.masl.MaslExportBuilder.exportMASL(MaslExportBuilder.java:235)
	at org.xtuml.bp.mc.masl.MaslExportBuilder.exportDomain(MaslExportBuilder.java:210)
	at org.xtuml.bp.mc.masl.MaslExportBuilder.exportSystem(MaslExportBuilder.java:152)
	at org.xtuml.bp.mc.masl.MaslExportBuilder.build(MaslExportBuilder.java:79)
	at org.eclipse.core.internal.events.BuildManager$2.run(BuildManager.java:735)
	at org.eclipse.core.runtime.SafeRunner.run(SafeRunner.java:42)
	at org.eclipse.core.internal.events.BuildManager.basicBuild(BuildManager.java:206)
	at org.eclipse.core.internal.events.BuildManager.basicBuild(BuildManager.java:246)
	at org.eclipse.core.internal.events.BuildManager$1.run(BuildManager.java:301)
	at org.eclipse.core.runtime.SafeRunner.run(SafeRunner.java:42)
	at org.eclipse.core.internal.events.BuildManager.basicBuild(BuildManager.java:304)
	at org.eclipse.core.internal.events.BuildManager.basicBuildLoop(BuildManager.java:360)
	at org.eclipse.core.internal.events.BuildManager.build(BuildManager.java:383)
	at org.eclipse.core.internal.resources.Workspace.buildInternal(Workspace.java:487)
	at org.eclipse.core.internal.resources.Workspace.build(Workspace.java:406)
	at org.eclipse.ui.actions.BuildAction$1.runInWorkspace(BuildAction.java:285)
	at org.eclipse.core.internal.resources.InternalWorkspaceJob.run(InternalWorkspaceJob.java:39)
	at org.eclipse.core.internal.jobs.Worker.run(Worker.java:56)
103 ___ info ___ Loading marking data.
103 ___ info ___ Starting domain.
104 ___ info ___ Done.
